0 info it worked if it ends with ok
1 verbose cli [ 'node',
1 verbose cli   'C:\\Users\\davis\\AppData\\Roaming\\npm\\node_modules\\npm\\bin\\npm-cli.js',
1 verbose cli   'publish',
1 verbose cli   '.' ]
2 info using npm@2.7.4
3 info using node@v0.10.33
4 verbose publish [ '.' ]
5 silly cache add args [ '.', null ]
6 verbose cache add spec .
7 silly cache add parsed spec { raw: '.',
7 silly cache add   scope: null,
7 silly cache add   name: null,
7 silly cache add   rawSpec: '.',
7 silly cache add   spec: 'C:\\Users\\davis\\projects\\nodebb-plugin-beep',
7 silly cache add   type: 'directory' }
8 verbose addLocalDirectory C:\Users\davis\AppData\Roaming\npm-cache\nodebb-plugin-beep\0.1.0\package.tgz not in flight; packing
9 verbose tar pack [ 'C:\\Users\\davis\\AppData\\Roaming\\npm-cache\\nodebb-plugin-beep\\0.1.0\\package.tgz',
9 verbose tar pack   'C:\\Users\\davis\\projects\\nodebb-plugin-beep' ]
10 verbose tarball C:\Users\davis\AppData\Roaming\npm-cache\nodebb-plugin-beep\0.1.0\package.tgz
11 verbose folder C:\Users\davis\projects\nodebb-plugin-beep
12 info prepublish nodebb-plugin-beep@0.1.0
13 verbose addLocalTarball adding from inside cache C:\Users\davis\AppData\Roaming\npm-cache\nodebb-plugin-beep\0.1.0\package.tgz
14 silly cache afterAdd nodebb-plugin-beep@0.1.0
15 verbose afterAdd C:\Users\davis\AppData\Roaming\npm-cache\nodebb-plugin-beep\0.1.0\package\package.json not in flight; writing
16 verbose afterAdd C:\Users\davis\AppData\Roaming\npm-cache\nodebb-plugin-beep\0.1.0\package\package.json written
17 silly publish { name: 'nodebb-plugin-beep',
17 silly publish   version: '0.1.0',
17 silly publish   description: 'NodeBB Censor Curse Words Plugin',
17 silly publish   main: 'index.js',
17 silly publish   scripts: { test: 'echo "Error: no test specified" && exit 1' },
17 silly publish   repository:
17 silly publish    { type: 'git',
17 silly publish      url: 'https://github.com/ninenine/nodebb-plugin-beep' },
17 silly publish   keywords: [ 'nodebb', 'plugin', 'beep', 'censor', 'curse', 'words' ],
17 silly publish   author: { name: 'Davis Wainaina', email: 'davisjwn@gmail.com' },
17 silly publish   license: 'BSD-2-Clause',
17 silly publish   bugs: { url: 'https://github.com/ninenine/nodebb-plugin-beep/issues' },
17 silly publish   readme: 'nodebb-plugin-beep\r\n======================\r\n\r\nNodeBB Plugin that allows users to censor curse words in their posts.\r\n\r\nInstallation\r\n======================\r\n\r\nnpm install nodebb-plugin-beep\r\n',
17 silly publish   readmeFilename: 'README.md',
17 silly publish   _id: 'nodebb-plugin-beep@0.1.0',
17 silly publish   _from: '.',
17 silly publish   dependencies: { underscore: '^1.7.0', 'underscore.string': '^2.3.3' },
17 silly publish   gitHead: 'd9374d1c51433298f6affa195678ed39e372ea55',
17 silly publish   homepage: 'https://github.com/ninenine/nodebb-plugin-beep',
17 silly publish   _shasum: '0be430b80c32de04a2cb4472e9859b02cc0a88e1' }
18 silly mapToRegistry name nodebb-plugin-beep
19 silly mapToRegistry using default registry
20 silly mapToRegistry registry https://registry.npmjs.org/
21 silly mapToRegistry uri https://registry.npmjs.org/nodebb-plugin-beep
22 verbose publish registryBase https://registry.npmjs.org/
23 silly publish uploading C:\Users\davis\AppData\Roaming\npm-cache\nodebb-plugin-beep\0.1.0\package.tgz
24 verbose request uri https://registry.npmjs.org/nodebb-plugin-beep
25 verbose request sending authorization for write operation
26 info attempt registry request try #1 at 18:10:02
27 verbose request id ac3a04d4234172de
28 http request PUT https://registry.npmjs.org/nodebb-plugin-beep
29 http 403 https://registry.npmjs.org/nodebb-plugin-beep
30 verbose headers { 'content-type': 'application/json',
30 verbose headers   'cache-control': 'max-age=60',
30 verbose headers   'content-length': '95',
30 verbose headers   'accept-ranges': 'bytes',
30 verbose headers   date: 'Wed, 10 Jun 2015 15:11:17 GMT',
30 verbose headers   via: '1.1 varnish',
30 verbose headers   connection: 'keep-alive',
30 verbose headers   'x-served-by': 'cache-hkg6825-HKG',
30 verbose headers   'x-cache': 'MISS',
30 verbose headers   'x-cache-hits': '0',
30 verbose headers   'x-timer': 'S1433949075.743141,VS0,VE1905' }
31 verbose request invalidating C:\Users\davis\AppData\Roaming\npm-cache\registry.npmjs.org\nodebb-plugin-beep on PUT
32 error publish Failed PUT 403
33 verbose stack Error: "You cannot publish over the previously published version 0.1.0." : nodebb-plugin-beep
33 verbose stack     at CachingRegistryClient.<anonymous> (C:\Users\davis\AppData\Roaming\npm\node_modules\npm\node_modules\npm-registry-client\lib\request.js:247:14)
33 verbose stack     at Request._callback (C:\Users\davis\AppData\Roaming\npm\node_modules\npm\node_modules\npm-registry-client\lib\request.js:170:14)
33 verbose stack     at Request.self.callback (C:\Users\davis\AppData\Roaming\npm\node_modules\npm\node_modules\request\request.js:344:22)
33 verbose stack     at Request.emit (events.js:98:17)
33 verbose stack     at Request.<anonymous> (C:\Users\davis\AppData\Roaming\npm\node_modules\npm\node_modules\request\request.js:1239:14)
33 verbose stack     at Request.emit (events.js:117:20)
33 verbose stack     at IncomingMessage.<anonymous> (C:\Users\davis\AppData\Roaming\npm\node_modules\npm\node_modules\request\request.js:1187:12)
33 verbose stack     at IncomingMessage.emit (events.js:117:20)
33 verbose stack     at _stream_readable.js:943:16
33 verbose stack     at process._tickCallback (node.js:419:13)
34 verbose statusCode 403
35 verbose pkgid nodebb-plugin-beep
36 verbose cwd C:\Users\davis\projects\nodebb-plugin-beep
37 error Windows_NT 6.2.9200
38 error argv "node" "C:\\Users\\davis\\AppData\\Roaming\\npm\\node_modules\\npm\\bin\\npm-cli.js" "publish" "."
39 error node v0.10.33
40 error npm  v2.7.4
41 error code E403
42 error "You cannot publish over the previously published version 0.1.0." : nodebb-plugin-beep
43 error If you need help, you may report this error at:
43 error     <https://github.com/npm/npm/issues>
44 verbose exit [ 1, true ]
